#
# A fatal error has been detected by the Java Runtime Environment:
#
#  EXCEPTION_ACCESS_VIOLATION (0xc0000005) at pc=0x00000002, pid=3272, tid=2820
#
# JRE version: Java(TM) SE Runtime Environment (7.0_80-b15) (build 1.7.0_80-b15)
# Java VM: Java HotSpot(TM) Client VM (24.80-b11 mixed mode windows-x86 )
# Problematic frame:
# C  0x00000002
#
# Failed to write core dump. Minidumps are not enabled by default on client versions of Windows
#
# If you would like to submit a bug report, please visit:
#   http://bugreport.java.com/bugreport/crash.jsp
# The crash happened outside the Java Virtual Machine in native code.
# See problematic frame for where to report the bug.
#

---------------  T H R E A D  ---------------

Current thread (0x00992800):  JavaThread "AWT-EventQueue-0" [_thread_in_native, id=2820, stack(0x19ed0000,0x19f20000)]

siginfo: ExceptionCode=0xc0000005, ExceptionInformation=0x00000008 0x00000002

Registers:
EAX=0x00000800, EBX=0x1ad20cf0, ECX=0x1ad20c88, EDX=0x00000000
ESP=0x19f1e244, EBP=0x19f1e298, ESI=0x1ad4f9e8, EDI=0x1ad20c88
EIP=0x00000002, EFLAGS=0x00010287

Top of Stack: (sp=0x19f1e244)
0x19f1e244:   72de4a1e 1ad4f9e8 00909600 00000800
0x19f1e254:   1ad20cf0 009cca70 009cca70 1ad5af10
0x19f1e264:   72de4a83 1ad20c88 72df4da5 1ad20c88
0x19f1e274:   009cca80 746e0066 00992930 00000000
0x19f1e284:   fffffffe 19f1e2a0 67737486 00992800
0x19f1e294:   2b91c3c4 19f1e2c8 72df4f76 00992930
0x19f1e2a4:   19f1e344 1ad37448 009cca70 0000008f
0x19f1e2b4:   746e0066 140fad38 140fad38 00992800 

Instructions: (pc=0x00000002)
0xffffffe2:   


Register to memory mapping:

EAX=0x00000800 is an unknown value
EBX=0x1ad20cf0 is an unknown value
ECX=0x1ad20c88 is an unknown value
EDX=0x00000000 is an unknown value
ESP=0x19f1e244 is pointing into the stack for thread: 0x00992800
EBP=0x19f1e298 is pointing into the stack for thread: 0x00992800
ESI=0x1ad4f9e8 is an unknown value
EDI=0x1ad20c88 is an unknown value


Stack: [0x19ed0000,0x19f20000],  sp=0x19f1e244,  free space=312k
Native frames: (J=compiled Java code, j=interpreted, Vv=VM code, C=native code)
C  0x00000002
C  [t2k.dll+0x24f76]
j  sun.font.T2KFontScaler.getGlyphMetricsNative(Lsun/font/Font2D;JJILjava/awt/geom/Point2D$Float;)V+0
j  sun.font.T2KFontScaler.getGlyphMetrics(JILjava/awt/geom/Point2D$Float;)V+28
J 652 C1 sun.font.FileFontStrike.getGlyphMetrics(IZ)Ljava/awt/geom/Point2D$Float; (277 bytes) @ 0x01ccdc70 [0x01ccda40+0x230]
J 656 C1 sun.font.FileFontStrike.getGlyphMetrics(I)Ljava/awt/geom/Point2D$Float; (7 bytes) @ 0x01ccf678 [0x01ccf640+0x38]
J 655 C1 sun.font.CompositeStrike.getGlyphMetrics(I)Ljava/awt/geom/Point2D$Float; (15 bytes) @ 0x01ccf420 [0x01ccf3d0+0x50]
J 654 C1 sun.font.StandardGlyphVector$GlyphStrike.addDefaultGlyphAdvance(ILjava/awt/geom/Point2D$Float;)V (46 bytes) @ 0x01ccf148 [0x01ccf110+0x38]
J 582 C1 sun.font.StandardGlyphVector.initPositions()V (229 bytes) @ 0x01cb0e80 [0x01cb0b20+0x360]
J 718 C1 sun.font.StandardGlyphVector.getLogicalBounds()Ljava/awt/geom/Rectangle2D; (84 bytes) @ 0x01ce1614 [0x01ce15b0+0x64]
J 709 C1 java.awt.Font.getStringBounds([CIILjava/awt/font/FontRenderContext;)Ljava/awt/geom/Rectangle2D; (259 bytes) @ 0x01cdd6fc [0x01cdd590+0x16c]
J 805 C1 obba.GraphicsDisplay.paintAxis(Ljava/awt/Graphics2D;)V (431 bytes) @ 0x01cff0ac [0x01cfeb20+0x58c]
j  obba.GraphicsDisplay.paintComponent(Ljava/awt/Graphics;)V+340
j  javax.swing.JComponent.paint(Ljava/awt/Graphics;)V+286
j  javax.swing.JComponent.paintToOffscreen(Ljava/awt/Graphics;IIIIII)V+41
j  javax.swing.RepaintManager$PaintManager.paintDoubleBuffered(Ljavax/swing/JComponent;Ljava/awt/Image;Ljava/awt/Graphics;IIII)V+163
j  javax.swing.RepaintManager$PaintManager.paint(Ljavax/swing/JComponent;Ljavax/swing/JComponent;Ljava/awt/Graphics;IIII)Z+116
j  javax.swing.RepaintManager.paint(Ljavax/swing/JComponent;Ljavax/swing/JComponent;Ljava/awt/Graphics;IIII)V+52
j  javax.swing.JComponent._paintImmediately(IIII)V+683
j  javax.swing.JComponent.paintImmediately(IIII)V+138
j  javax.swing.RepaintManager$3.run()Ljava/lang/Void;+75
j  javax.swing.RepaintManager$3.run()Ljava/lang/Object;+1
v  ~StubRoutines::call_stub
V  [jvm.dll+0x1429aa]
V  [jvm.dll+0x20743e]
V  [jvm.dll+0x142a2d]
V  [jvm.dll+0xfc8aa]
C  [java.dll+0x102f]
J 433 C1 java.security.ProtectionDomain$1.doIntersectionPrivilege(Ljava/security/PrivilegedAction;Ljava/security/AccessControlContext;Ljava/security/AccessControlContext;)Ljava/lang/Object; (32 bytes) @ 0x01c81ad4 [0x01c81a30+0xa4]
j  javax.swing.RepaintManager.paintDirtyRegions(Ljava/util/Map;)V+154
j  javax.swing.RepaintManager.paintDirtyRegions()V+46
j  javax.swing.RepaintManager.prePaintDirtyRegions()V+73
j  javax.swing.RepaintManager.access$1100(Ljavax/swing/RepaintManager;)V+1
j  javax.swing.RepaintManager$ProcessingRunnable.run()V+37
j  java.awt.event.InvocationEvent.dispatch()V+47
j  java.awt.EventQueue.dispatchEventImpl(Ljava/awt/AWTEvent;Ljava/lang/Object;)V+21
J 595 C1 java.awt.EventQueue$3.run()Ljava/lang/Void; (17 bytes) @ 0x01cb6594 [0x01cb6550+0x44]
j  java.awt.EventQueue$3.run()Ljava/lang/Object;+1
v  ~StubRoutines::call_stub
V  [jvm.dll+0x1429aa]
V  [jvm.dll+0x20743e]
V  [jvm.dll+0x142a2d]
V  [jvm.dll+0xfc8aa]
C  [java.dll+0x102f]
J 433 C1 java.security.ProtectionDomain$1.doIntersectionPrivilege(Ljava/security/PrivilegedAction;Ljava/security/AccessControlContext;Ljava/security/AccessControlContext;)Ljava/lang/Object; (32 bytes) @ 0x01c81ad4 [0x01c81a30+0xa4]
j  java.awt.EventQueue.dispatchEvent(Ljava/awt/AWTEvent;)V+46
j  java.awt.EventDispatchThread.pumpOneEventForFilters(I)V+245
j  java.awt.EventDispatchThread.pumpEventsForFilter(ILjava/awt/Conditional;Ljava/awt/EventFilter;)V+35
j  java.awt.EventDispatchThread.pumpEventsForHierarchy(ILjava/awt/Conditional;Ljava/awt/Component;)V+11
j  java.awt.EventDispatchThread.pumpEvents(ILjava/awt/Conditional;)V+4
j  java.awt.EventDispatchThread.pumpEvents(Ljava/awt/Conditional;)V+3
j  java.awt.EventDispatchThread.run()V+9
v  ~StubRoutines::call_stub
V  [jvm.dll+0x1429aa]
V  [jvm.dll+0x20743e]
V  [jvm.dll+0x142b75]
V  [jvm.dll+0x142bd7]
V  [jvm.dll+0xed5cf]
V  [jvm.dll+0x163c4c]
V  [jvm.dll+0x1646a7]
V  [jvm.dll+0x1a92f9]
C  [msvcr100.dll+0x5c556]
C  [msvcr100.dll+0x5c600]
C  [kernel32.dll+0x4ef3c]
C  [ntdll.dll+0x63688]
C  [ntdll.dll+0x6365b]

Java frames: (J=compiled Java code, j=interpreted, Vv=VM code)
j  sun.font.T2KFontScaler.getGlyphMetricsNative(Lsun/font/Font2D;JJILjava/awt/geom/Point2D$Float;)V+0
j  sun.font.T2KFontScaler.getGlyphMetrics(JILjava/awt/geom/Point2D$Float;)V+28
J 652 C1 sun.font.FileFontStrike.getGlyphMetrics(IZ)Ljava/awt/geom/Point2D$Float; (277 bytes) @ 0x01ccdc70 [0x01ccda40+0x230]
J 656 C1 sun.font.FileFontStrike.getGlyphMetrics(I)Ljava/awt/geom/Point2D$Float; (7 bytes) @ 0x01ccf678 [0x01ccf640+0x38]
J 655 C1 sun.font.CompositeStrike.getGlyphMetrics(I)Ljava/awt/geom/Point2D$Float; (15 bytes) @ 0x01ccf420 [0x01ccf3d0+0x50]
J 654 C1 sun.font.StandardGlyphVector$GlyphStrike.addDefaultGlyphAdvance(ILjava/awt/geom/Point2D$Float;)V (46 bytes) @ 0x01ccf148 [0x01ccf110+0x38]
J 582 C1 sun.font.StandardGlyphVector.initPositions()V (229 bytes) @ 0x01cb0e80 [0x01cb0b20+0x360]
J 718 C1 sun.font.StandardGlyphVector.getLogicalBounds()Ljava/awt/geom/Rectangle2D; (84 bytes) @ 0x01ce1614 [0x01ce15b0+0x64]
J 709 C1 java.awt.Font.getStringBounds([CIILjava/awt/font/FontRenderContext;)Ljava/awt/geom/Rectangle2D; (259 bytes) @ 0x01cdd6fc [0x01cdd590+0x16c]
J 805 C1 obba.GraphicsDisplay.paintAxis(Ljava/awt/Graphics2D;)V (431 bytes) @ 0x01cff0ac [0x01cfeb20+0x58c]
j  obba.GraphicsDisplay.paintComponent(Ljava/awt/Graphics;)V+340
j  javax.swing.JComponent.paint(Ljava/awt/Graphics;)V+286
j  javax.swing.JComponent.paintToOffscreen(Ljava/awt/Graphics;IIIIII)V+41
j  javax.swing.RepaintManager$PaintManager.paintDoubleBuffered(Ljavax/swing/JComponent;Ljava/awt/Image;Ljava/awt/Graphics;IIII)V+163
j  javax.swing.RepaintManager$PaintManager.paint(Ljavax/swing/JComponent;Ljavax/swing/JComponent;Ljava/awt/Graphics;IIII)Z+116
j  javax.swing.RepaintManager.paint(Ljavax/swing/JComponent;Ljavax/swing/JComponent;Ljava/awt/Graphics;IIII)V+52
j  javax.swing.JComponent._paintImmediately(IIII)V+683
j  javax.swing.JComponent.paintImmediately(IIII)V+138
j  javax.swing.RepaintManager$3.run()Ljava/lang/Void;+75
j  javax.swing.RepaintManager$3.run()Ljava/lang/Object;+1
v  ~StubRoutines::call_stub
J 386  java.security.AccessController.doPrivileged(Ljava/security/PrivilegedAction;Ljava/security/AccessControlContext;)Ljava/lang/Object; (0 bytes) @ 0x01c74a87 [0x01c74a20+0x67]
J 433 C1 java.security.ProtectionDomain$1.doIntersectionPrivilege(Ljava/security/PrivilegedAction;Ljava/security/AccessControlContext;Ljava/security/AccessControlContext;)Ljava/lang/Object; (32 bytes) @ 0x01c81ad4 [0x01c81a30+0xa4]
j  javax.swing.RepaintManager.paintDirtyRegions(Ljava/util/Map;)V+154
j  javax.swing.RepaintManager.paintDirtyRegions()V+46
j  javax.swing.RepaintManager.prePaintDirtyRegions()V+73
j  javax.swing.RepaintManager.access$1100(Ljavax/swing/RepaintManager;)V+1
j  javax.swing.RepaintManager$ProcessingRunnable.run()V+37
j  java.awt.event.InvocationEvent.dispatch()V+47
j  java.awt.EventQueue.dispatchEventImpl(Ljava/awt/AWTEvent;Ljava/lang/Object;)V+21
J 595 C1 java.awt.EventQueue$3.run()Ljava/lang/Void; (17 bytes) @ 0x01cb6594 [0x01cb6550+0x44]
j  java.awt.EventQueue$3.run()Ljava/lang/Object;+1
v  ~StubRoutines::call_stub
J 386  java.security.AccessController.doPrivileged(Ljava/security/PrivilegedAction;Ljava/security/AccessControlContext;)Ljava/lang/Object; (0 bytes) @ 0x01c74a87 [0x01c74a20+0x67]
J 433 C1 java.security.ProtectionDomain$1.doIntersectionPrivilege(Ljava/security/PrivilegedAction;Ljava/security/AccessControlContext;Ljava/security/AccessControlContext;)Ljava/lang/Object; (32 bytes) @ 0x01c81ad4 [0x01c81a30+0xa4]
j  java.awt.EventQueue.dispatchEvent(Ljava/awt/AWTEvent;)V+46
j  java.awt.EventDispatchThread.pumpOneEventForFilters(I)V+245
j  java.awt.EventDispatchThread.pumpEventsForFilter(ILjava/awt/Conditional;Ljava/awt/EventFilter;)V+35
j  java.awt.EventDispatchThread.pumpEventsForHierarchy(ILjava/awt/Conditional;Ljava/awt/Component;)V+11
j  java.awt.EventDispatchThread.pumpEvents(ILjava/awt/Conditional;)V+4
j  java.awt.EventDispatchThread.pumpEvents(Ljava/awt/Conditional;)V+3
j  java.awt.EventDispatchThread.run()V+9
v  ~StubRoutines::call_stub

---------------  P R O C E S S  ---------------

Java Threads: ( => current thread )
  0x1ad0c000 JavaThread "TimerQueue" daemon [_thread_blocked, id=3428, stack(0x1ab10000,0x1ab60000)]
  0x1acf8800 JavaThread "Swing-Shell" daemon [_thread_blocked, id=2532, stack(0x1b340000,0x1b390000)]
  0x00a56400 JavaThread "D3D Screen Updater" daemon [_thread_blocked, id=4516, stack(0x18440000,0x18490000)]
  0x0062c400 JavaThread "DestroyJavaVM" [_thread_blocked, id=5964, stack(0x00510000,0x00560000)]
=>0x00992800 JavaThread "AWT-EventQueue-0" [_thread_in_native, id=2820, stack(0x19ed0000,0x19f20000)]
  0x00971400 JavaThread "AWT-Windows" daemon [_thread_in_native, id=312, stack(0x18370000,0x183c0000)]
  0x00970c00 JavaThread "AWT-Shutdown" [_thread_blocked, id=5356, stack(0x18140000,0x18190000)]
  0x00970000 JavaThread "Java2D Disposer" daemon [_thread_blocked, id=828, stack(0x183d0000,0x18420000)]
  0x008c6400 JavaThread "Service Thread" daemon [_thread_blocked, id=5168, stack(0x17fd0000,0x18020000)]
  0x008be800 JavaThread "C1 CompilerThread0" daemon [_thread_blocked, id=2388, stack(0x18190000,0x181e0000)]
  0x008afc00 JavaThread "JDWP Command Reader" daemon [_thread_in_native, id=6084, stack(0x03b60000,0x03bb0000)]
  0x008ad000 JavaThread "JDWP Event Helper Thread" daemon [_thread_blocked, id=1632, stack(0x00c70000,0x00cc0000)]
  0x008ab400 JavaThread "JDWP Transport Listener: dt_socket" daemon [_thread_blocked, id=4296, stack(0x00c20000,0x00c70000)]
  0x0089b800 JavaThread "Attach Listener" daemon [_thread_blocked, id=3444, stack(0x00d70000,0x00dc0000)]
  0x00898400 JavaThread "Signal Dispatcher" daemon [_thread_blocked, id=3072, stack(0x00ad0000,0x00b20000)]
  0x0086b400 JavaThread "Finalizer" daemon [_thread_blocked, id=5476, stack(0x00d00000,0x00d50000)]
  0x00866400 JavaThread "Reference Handler" daemon [_thread_blocked, id=3972, stack(0x00bd0000,0x00c20000)]

Other Threads:
  0x00862400 VMThread [stack: 0x00b30000,0x00b80000] [id=5852]
  0x008cf000 WatcherThread [stack: 0x18210000,0x18260000] [id=4752]

VM state:not at safepoint (normal execution)

VM Mutex/Monitor currently owned by a thread: None

Heap
 def new generation   total 4928K, used 2923K [0x03c00000, 0x04150000, 0x09150000)
  eden space 4416K,  65% used [0x03c00000, 0x03ecfcb8, 0x04050000)
  from space 512K,   8% used [0x040d0000, 0x040db2e8, 0x04150000)
  to   space 512K,   0% used [0x04050000, 0x04050000, 0x040d0000)
 tenured generation   total 10944K, used 1445K [0x09150000, 0x09c00000, 0x13c00000)
   the space 10944K,  13% used [0x09150000, 0x092b9788, 0x092b9800, 0x09c00000)
 compacting perm gen  total 12288K, used 7909K [0x13c00000, 0x14800000, 0x17c00000)
   the space 12288K,  64% used [0x13c00000, 0x143b94d0, 0x143b9600, 0x14800000)
No shared spaces configured.

Card table byte_map: [0x007b0000,0x00860000] byte_map_base: 0x00792000

Polling page: 0x00150000

Code Cache  [0x01b60000, 0x01d18000, 0x03b60000)
 total_blobs=1088 nmethods=865 adapters=167 free_code_cache=31009Kb largest_free_block=31753408

Compilation events (10 events):
Event: 88.258 Thread 0x008be800  861             java.io.FilterInputStream::read (8 bytes)
Event: 88.258 Thread 0x008be800 nmethod 861 0x01d15e88 code [0x01d15f90, 0x01d1602c]
Event: 88.259 Thread 0x008be800  862             java.io.DataInputStream::readChar (40 bytes)
Event: 88.260 Thread 0x008be800 nmethod 862 0x01d16088 code [0x01d161b0, 0x01d16304]
Event: 88.261 Thread 0x008be800  863 %           sun.text.normalizer.CharTrie::unserialize @ 29 (74 bytes)
Event: 88.262 Thread 0x008be800 nmethod 863% 0x01d16408 code [0x01d16530, 0x01d169bc]
Event: 88.262 Thread 0x008be800  864             sun.text.normalizer.CharTrie::unserialize (74 bytes)
Event: 88.263 Thread 0x008be800 nmethod 864 0x01d16d08 code [0x01d16e30, 0x01d1722c]
Event: 88.265 Thread 0x008be800  865             java.io.DataInputStream::readInt (72 bytes)
Event: 88.265 Thread 0x008be800 nmethod 865 0x01d174c8 code [0x01d17610, 0x01d177cc]

GC Heap History (10 events):
Event: 7.008 GC heap before
{Heap before GC invocations=6 (full 0):
 def new generation   total 4928K, used 4461K [0x03c00000, 0x04150000, 0x09150000)
  eden space 4416K, 100% used [0x03c00000, 0x04050000, 0x04050000)
  from space 512K,   8% used [0x04050000, 0x0405b410, 0x040d0000)
  to   space 512K,   0% used [0x040d0000, 0x040d0000, 0x04150000)
 tenured generation   total 10944K, used 1445K [0x09150000, 0x09c00000, 0x13c00000)
   the space 10944K,  13% used [0x09150000, 0x092b9788, 0x092b9800, 0x09c00000)
 compacting perm gen  total 12288K, used 7677K [0x13c00000, 0x14800000, 0x17c00000)
   the space 12288K,  62% used [0x13c00000, 0x1437f6a8, 0x1437f800, 0x14800000)
No shared spaces configured.
Event: 7.009 GC heap after
Heap after GC invocations=7 (full 0):
 def new generation   total 4928K, used 44K [0x03c00000, 0x04150000, 0x09150000)
  eden space 4416K,   0% used [0x03c00000, 0x03c00000, 0x04050000)
  from space 512K,   8% used [0x040d0000, 0x040db228, 0x04150000)
  to   space 512K,   0% used [0x04050000, 0x04050000, 0x040d0000)
 tenured generation   total 10944K, used 1445K [0x09150000, 0x09c00000, 0x13c00000)
   the space 10944K,  13% used [0x09150000, 0x092b9788, 0x092b9800, 0x09c00000)
 compacting perm gen  total 12288K, used 7677K [0x13c00000, 0x14800000, 0x17c00000)
   the space 12288K,  62% used [0x13c00000, 0x1437f6a8, 0x1437f800, 0x14800000)
No shared spaces configured.
}
Event: 7.404 GC heap before
{Heap before GC invocations=7 (full 0):
 def new generation   total 4928K, used 4460K [0x03c00000, 0x04150000, 0x09150000)
  eden space 4416K, 100% used [0x03c00000, 0x04050000, 0x04050000)
  from space 512K,   8% used [0x040d0000, 0x040db228, 0x04150000)
  to   space 512K,   0% used [0x04050000, 0x04050000, 0x040d0000)
 tenured generation   total 10944K, used 1445K [0x09150000, 0x09c00000, 0x13c00000)
   the space 10944K,  13% used [0x09150000, 0x092b9788, 0x092b9800, 0x09c00000)
 compacting perm gen  total 12288K, used 7677K [0x13c00000, 0x14800000, 0x17c00000)
   the space 12288K,  62% used [0x13c00000, 0x1437f6a8, 0x1437f800, 0x14800000)
No shared spaces configured.
Event: 7.405 GC heap after
Heap after GC invocations=8 (full 0):
 def new generation   total 4928K, used 43K [0x03c00000, 0x04150000, 0x09150000)
  eden space 4416K,   0% used [0x03c00000, 0x03c00000, 0x04050000)
  from space 512K,   8% used [0x04050000, 0x0405af50, 0x040d0000)
  to   space 512K,   0% used [0x040d0000, 0x040d0000, 0x04150000)
 tenured generation   total 10944K, used 1445K [0x09150000, 0x09c00000, 0x13c00000)
   the space 10944K,  13% used [0x09150000, 0x092b9788, 0x092b9800, 0x09c00000)
 compacting perm gen  total 12288K, used 7677K [0x13c00000, 0x14800000, 0x17c00000)
   the space 12288K,  62% used [0x13c00000, 0x1437f6a8, 0x1437f800, 0x14800000)
No shared spaces configured.
}
Event: 7.783 GC heap before
{Heap before GC invocations=8 (full 0):
 def new generation   total 4928K, used 4459K [0x03c00000, 0x04150000, 0x09150000)
  eden space 4416K, 100% used [0x03c00000, 0x04050000, 0x04050000)
  from space 512K,   8% used [0x04050000, 0x0405af50, 0x040d0000)
  to   space 512K,   0% used [0x040d0000, 0x040d0000, 0x04150000)
 tenured generation   total 10944K, used 1445K [0x09150000, 0x09c00000, 0x13c00000)
   the space 10944K,  13% used [0x09150000, 0x092b9788, 0x092b9800, 0x09c00000)
 compacting perm gen  total 12288K, used 7677K [0x13c00000, 0x14800000, 0x17c00000)
   the space 12288K,  62% used [0x13c00000, 0x1437f6a8, 0x1437f800, 0x14800000)
No shared spaces configured.
Event: 7.784 GC heap after
Heap after GC invocations=9 (full 0):
 def new generation   total 4928K, used 45K [0x03c00000, 0x04150000, 0x09150000)
  eden space 4416K,   0% used [0x03c00000, 0x03c00000, 0x04050000)
  from space 512K,   8% used [0x040d0000, 0x040db4c0, 0x04150000)
  to   space 512K,   0% used [0x04050000, 0x04050000, 0x040d0000)
 tenured generation   total 10944K, used 1445K [0x09150000, 0x09c00000, 0x13c00000)
   the space 10944K,  13% used [0x09150000, 0x092b9788, 0x092b9800, 0x09c00000)
 compacting perm gen  total 12288K, used 7677K [0x13c00000, 0x14800000, 0x17c00000)
   the space 12288K,  62% used [0x13c00000, 0x1437f6a8, 0x1437f800, 0x14800000)
No shared spaces configured.
}
Event: 8.151 GC heap before
{Heap before GC invocations=9 (full 0):
 def new generation   total 4928K, used 4461K [0x03c00000, 0x04150000, 0x09150000)
  eden space 4416K, 100% used [0x03c00000, 0x04050000, 0x04050000)
  from space 512K,   8% used [0x040d0000, 0x040db4c0, 0x04150000)
  to   space 512K,   0% used [0x04050000, 0x04050000, 0x040d0000)
 tenured generation   total 10944K, used 1445K [0x09150000, 0x09c00000, 0x13c00000)
   the space 10944K,  13% used [0x09150000, 0x092b9788, 0x092b9800, 0x09c00000)
 compacting perm gen  total 12288K, used 7677K [0x13c00000, 0x14800000, 0x17c00000)
   the space 12288K,  62% used [0x13c00000, 0x1437f6a8, 0x1437f800, 0x14800000)
No shared spaces configured.
Event: 8.153 GC heap after
Heap after GC invocations=10 (full 0):
 def new generation   total 4928K, used 45K [0x03c00000, 0x04150000, 0x09150000)
  eden space 4416K,   0% used [0x03c00000, 0x03c00000, 0x04050000)
  from space 512K,   8% used [0x04050000, 0x0405b450, 0x040d0000)
  to   space 512K,   0% used [0x040d0000, 0x040d0000, 0x04150000)
 tenured generation   total 10944K, used 1445K [0x09150000, 0x09c00000, 0x13c00000)
   the space 10944K,  13% used [0x09150000, 0x092b9788, 0x092b9800, 0x09c00000)
 compacting perm gen  total 12288K, used 7677K [0x13c00000, 0x14800000, 0x17c00000)
   the space 12288K,  62% used [0x13c00000, 0x1437f6a8, 0x1437f800, 0x14800000)
No shared spaces configured.
}
Event: 8.499 GC heap before
{Heap before GC invocations=10 (full 0):
 def new generation   total 4928K, used 4461K [0x03c00000, 0x04150000, 0x09150000)
  eden space 4416K, 100% used [0x03c00000, 0x04050000, 0x04050000)
  from space 512K,   8% used [0x04050000, 0x0405b450, 0x040d0000)
  to   space 512K,   0% used [0x040d0000, 0x040d0000, 0x04150000)
 tenured generation   total 10944K, used 1445K [0x09150000, 0x09c00000, 0x13c00000)
   the space 10944K,  13% used [0x09150000, 0x092b9788, 0x092b9800, 0x09c00000)
 compacting perm gen  total 12288K, used 7677K [0x13c00000, 0x14800000, 0x17c00000)
   the space 12288K,  62% used [0x13c00000, 0x1437f6a8, 0x1437f800, 0x14800000)
No shared spaces configured.
Event: 8.500 GC heap after
Heap after GC invocations=11 (full 0):
 def new generation   total 4928K, used 44K [0x03c00000, 0x04150000, 0x09150000)
  eden space 4416K,   0% used [0x03c00000, 0x03c00000, 0x04050000)
  from space 512K,   8% used [0x040d0000, 0x040db2e8, 0x04150000)
  to   space 512K,   0% used [0x04050000, 0x04050000, 0x040d0000)
 tenured generation   total 10944K, used 1445K [0x09150000, 0x09c00000, 0x13c00000)
   the space 10944K,  13% used [0x09150000, 0x092b9788, 0x092b9800, 0x09c00000)
 compacting perm gen  total 12288K, used 7677K [0x13c00000, 0x14800000, 0x17c00000)
   the space 12288K,  62% used [0x13c00000, 0x1437f6a8, 0x1437f800, 0x14800000)
No shared spaces configured.
}

Deoptimization events (0 events):
No events

Internal exceptions (10 events):
Event: 0.281 Thread 0x0062c400 Threw 0x03d3e4e8 at C:\re\jdk7u80\2329\hotspot\src\share\vm\prims\jvm.cpp:1319
Event: 0.301 Thread 0x0062c400 Threw 0x03d615a8 at C:\re\jdk7u80\2329\hotspot\src\share\vm\prims\jvm.cpp:1319
Event: 0.305 Thread 0x0062c400 Threw 0x03d63a68 at C:\re\jdk7u80\2329\hotspot\src\share\vm\prims\jvm.cpp:1319
Event: 0.317 Thread 0x0062c400 Threw 0x03d6b570 at C:\re\jdk7u80\2329\hotspot\src\share\vm\prims\jvm.cpp:1319
Event: 0.324 Thread 0x0062c400 Threw 0x03d715e0 at C:\re\jdk7u80\2329\hotspot\src\share\vm\prims\jvm.cpp:1319
Event: 0.326 Thread 0x0062c400 Threw 0x03d755b0 at C:\re\jdk7u80\2329\hotspot\src\share\vm\prims\jvm.cpp:1319
Event: 0.328 Thread 0x0062c400 Threw 0x03d78f00 at C:\re\jdk7u80\2329\hotspot\src\share\vm\prims\jvm.cpp:1319
Event: 0.329 Thread 0x0062c400 Threw 0x03d7bb70 at C:\re\jdk7u80\2329\hotspot\src\share\vm\prims\jvm.cpp:1319
Event: 0.329 Thread 0x0062c400 Threw 0x03d7d508 at C:\re\jdk7u80\2329\hotspot\src\share\vm\prims\jvm.cpp:1319
Event: 0.330 Thread 0x0062c400 Threw 0x03d80040 at C:\re\jdk7u80\2329\hotspot\src\share\vm\prims\jvm.cpp:1319

Events (10 events):
Event: 88.293 loading class 0x008d35a0
Event: 88.293 loading class 0x008d35a0 done
Event: 88.293 loading class 0x0067eab8
Event: 88.293 loading class 0x0067eab8 done
Event: 88.293 loading class 0x0071fb38
Event: 88.293 loading class 0x0071fb38 done
Event: 88.293 loading class 0x0071fc30
Event: 88.307 loading class 0x0071fc30 done
Event: 88.309 loading class 0x00a195b8
Event: 88.309 loading class 0x00a195b8 done


Dynamic libraries:
0x00f30000 - 0x00f5f000 	C:\Program Files\Java\jre7\bin\javaw.exe
0x77cf0000 - 0x77e32000 	C:\Windows\SYSTEM32\ntdll.dll
0x779d0000 - 0x77aa5000 	C:\Windows\system32\kernel32.dll
0x75a90000 - 0x75adb000 	C:\Windows\system32\KERNELBASE.dll
0x77920000 - 0x779c1000 	C:\Windows\system32\ADVAPI32.dll
0x76170000 - 0x7621c000 	C:\Windows\system32\msvcrt.dll
0x76440000 - 0x76459000 	C:\Windows\SYSTEM32\sechost.dll
0x75da0000 - 0x75e42000 	C:\Windows\system32\RPCRT4.dll
0x77520000 - 0x775e9000 	C:\Windows\system32\USER32.dll
0x77ee0000 - 0x77f2e000 	C:\Windows\system32\GDI32.dll
0x770d0000 - 0x770da000 	C:\Windows\system32\LPK.dll
0x77e40000 - 0x77edd000 	C:\Windows\system32\USP10.dll
0x747c0000 - 0x7495e000 	C:\Windows\WinSxS\x86_microsoft.windows.common-controls_6595b64144ccf1df_6.0.7601.24483_none_2b200f664577e14b\COMCTL32.dll
0x776b0000 - 0x77707000 	C:\Windows\system32\SHLWAPI.dll
0x770b0000 - 0x770cf000 	C:\Windows\system32\IMM32.DLL
0x75ec0000 - 0x75f8e000 	C:\Windows\system32\MSCTF.dll
0x6ef60000 - 0x6f01f000 	C:\Program Files\Java\jre7\bin\msvcr100.dll
0x67670000 - 0x679fb000 	C:\Program Files\Java\jre7\bin\client\jvm.dll
0x68af0000 - 0x68af7000 	C:\Windows\system32\WSOCK32.dll
0x76130000 - 0x76165000 	C:\Windows\system32\WS2_32.dll
0x777b0000 - 0x777b6000 	C:\Windows\system32\NSI.dll
0x73660000 - 0x73692000 	C:\Windows\system32\WINMM.dll
0x77f30000 - 0x77f35000 	C:\Windows\system32\PSAPI.DLL
0x675a0000 - 0x675ac000 	C:\Program Files\Java\jre7\bin\verify.dll
0x67570000 - 0x67591000 	C:\Program Files\Java\jre7\bin\java.dll
0x696e0000 - 0x6970a000 	C:\Program Files\Java\jre7\bin\jdwp.dll
0x725d0000 - 0x725d7000 	C:\Program Files\Java\jre7\bin\npt.dll
0x67550000 - 0x67563000 	C:\Program Files\Java\jre7\bin\zip.dll
0x725c0000 - 0x725c8000 	C:\Program Files\Java\jre7\bin\dt_socket.dll
0x737c0000 - 0x737d0000 	C:\Windows\system32\NLAapi.dll
0x6afe0000 - 0x6aff0000 	C:\Windows\system32\napinsp.dll
0x6afc0000 - 0x6afd2000 	C:\Windows\system32\pnrpnsp.dll
0x753f0000 - 0x7542c000 	C:\Windows\System32\mswsock.dll
0x752b0000 - 0x752f4000 	C:\Windows\system32\DNSAPI.dll
0x6afb0000 - 0x6afb8000 	C:\Windows\System32\winrnr.dll
0x73600000 - 0x7361c000 	C:\Windows\system32\IPHLPAPI.DLL
0x73620000 - 0x73627000 	C:\Windows\system32\WINNSI.DLL
0x735c0000 - 0x735f8000 	C:\Windows\System32\fwpuclnt.dll
0x70030000 - 0x70036000 	C:\Windows\system32\rasadhlp.dll
0x74ed0000 - 0x74ed5000 	C:\Windows\System32\wshtcpip.dll
0x5a840000 - 0x5a983000 	C:\Program Files\Java\jre7\bin\awt.dll
0x77710000 - 0x777a2000 	C:\Windows\system32\OLEAUT32.dll
0x777c0000 - 0x7791f000 	C:\Windows\system32\ole32.dll
0x74300000 - 0x74313000 	C:\Windows\system32\DWMAPI.DLL
0x74640000 - 0x74680000 	C:\Windows\system32\uxtheme.dll
0x75960000 - 0x7596c000 	C:\Windows\system32\CRYPTBASE.dll
0x58470000 - 0x58633000 	C:\Windows\system32\d3d9.dll
0x74fe0000 - 0x74fe9000 	C:\Windows\system32\VERSION.dll
0x5a6f0000 - 0x5a6f6000 	C:\Windows\system32\d3d8thk.dll
0x59300000 - 0x5a0ce000 	C:\Windows\system32\nvd3dum.dll
0x73b10000 - 0x73b35000 	C:\Windows\system32\powrprof.dll
0x75f90000 - 0x7612d000 	C:\Windows\system32\SETUPAPI.dll
0x75b40000 - 0x75b67000 	C:\Windows\system32\CFGMGR32.dll
0x75b00000 - 0x75b12000 	C:\Windows\system32\DEVOBJ.dll
0x5ae70000 - 0x5afab000 	C:\Program Files\NVIDIA Corporation\3D Vision\nvSCPAPI.dll
0x76460000 - 0x770ac000 	C:\Windows\system32\SHELL32.dll
0x6f300000 - 0x6f339000 	C:\Program Files\Java\jre7\bin\fontmanager.dll
0x673c0000 - 0x673d4000 	C:\Program Files\Java\jre7\bin\net.dll
0x753e0000 - 0x753e6000 	C:\Windows\System32\wship6.dll
0x66d20000 - 0x66d2f000 	C:\Program Files\Java\jre7\bin\nio.dll
0x72dd0000 - 0x72e00000 	C:\Program Files\Java\jre7\bin\t2k.dll
0x70d70000 - 0x70df4000 	C:\Windows\WinSxS\x86_microsoft.windows.common-controls_6595b64144ccf1df_5.82.7601.18837_none_ec86b8d6858ec0bc\comctl32.dll
0x77620000 - 0x776a3000 	C:\Windows\system32\CLBCatQ.DLL
0x74680000 - 0x74775000 	C:\Windows\system32\propsys.dll
0x74f50000 - 0x74f71000 	C:\Windows\system32\ntmarta.dll
0x76220000 - 0x76265000 	C:\Windows\system32\WLDAP32.dll
0x75910000 - 0x7595c000 	C:\Windows\system32\apphelp.dll
0x5a500000 - 0x5a698000 	C:\Windows\system32\NetworkExplorer.dll
0x6ac40000 - 0x6ac6f000 	C:\Windows\System32\shdocvw.dll
0x75a80000 - 0x75a8b000 	C:\Windows\system32\profapi.dll
0x736e0000 - 0x736ea000 	C:\Windows\system32\slc.dll
0x70140000 - 0x70152000 	C:\Windows\system32\MPR.dll
0x72e10000 - 0x72e18000 	C:\Windows\System32\drprov.dll
0x759d0000 - 0x759f9000 	C:\Windows\System32\WINSTA.dll
0x72db0000 - 0x72dc4000 	C:\Windows\System32\ntlanman.dll
0x6f340000 - 0x6f358000 	C:\Windows\System32\davclnt.dll
0x72e00000 - 0x72e08000 	C:\Windows\System32\DAVHLPR.dll
0x74060000 - 0x7406f000 	C:\Windows\system32\wkscli.dll
0x6c8d0000 - 0x6c8db000 	C:\Windows\system32\cscapi.dll
0x74070000 - 0x74079000 	C:\Windows\system32\netutils.dll
0x5a2c0000 - 0x5a4f8000 	C:\Windows\system32\wpdshext.dll
0x744a0000 - 0x74633000 	C:\Windows\WinSxS\x86_microsoft.windows.gdiplus_6595b64144ccf1df_1.1.7601.24537_none_5c05a595a00f433b\gdiplus.dll
0x71dc0000 - 0x71e49000 	C:\Windows\system32\PortableDeviceApi.dll
0x75d60000 - 0x75d8f000 	C:\Windows\system32\WINTRUST.dll
0x75c20000 - 0x75d42000 	C:\Windows\system32\CRYPT32.dll
0x75a70000 - 0x75a7c000 	C:\Windows\system32\MSASN1.dll
0x72550000 - 0x7257b000 	C:\Windows\system32\PortableDeviceTypes.dll
0x703e0000 - 0x7041f000 	C:\Windows\system32\audiodev.dll
0x682b0000 - 0x68517000 	C:\Windows\system32\WMVCore.DLL
0x68160000 - 0x6819d000 	C:\Windows\system32\WMASF.DLL
0x6cb80000 - 0x6cbb1000 	C:\Windows\system32\EhStorShell.dll
0x6f2d0000 - 0x6f2f2000 	C:\Windows\system32\EhStorAPI.dll
0x6ace0000 - 0x6ace9000 	C:\Windows\system32\LINKINFO.dll
0x74190000 - 0x742c1000 	C:\Windows\system32\WindowsCodecs.dll
0x6df60000 - 0x6e0d4000 	C:\PROGRA~1\MIF5BA~1\Office16\GROOVEEX.DLL
0x6e8f0000 - 0x6e904000 	C:\Windows\system32\VCRUNTIME140.dll
0x6eb60000 - 0x6eb64000 	C:\Windows\system32\api-ms-win-crt-runtime-l1-1-0.dll
0x6e180000 - 0x6e25f000 	C:\Windows\system32\ucrtbase.DLL
0x6e8e0000 - 0x6e8e3000 	C:\Windows\system32\api-ms-win-core-timezone-l1-1-0.dll
0x6e8d0000 - 0x6e8d3000 	C:\Windows\system32\api-ms-win-core-file-l2-1-0.dll
0x6e8c0000 - 0x6e8c3000 	C:\Windows\system32\api-ms-win-core-localization-l1-2-0.dll
0x70420000 - 0x70423000 	C:\Windows\system32\api-ms-win-core-synch-l1-2-0.dll
0x6e790000 - 0x6e793000 	C:\Windows\system32\api-ms-win-core-processthreads-l1-1-1.dll
0x6e780000 - 0x6e783000 	C:\Windows\system32\api-ms-win-core-file-l1-2-0.dll
0x6e3d0000 - 0x6e3d4000 	C:\Windows\system32\api-ms-win-crt-string-l1-1-0.dll
0x6e3c0000 - 0x6e3c3000 	C:\Windows\system32\api-ms-win-crt-heap-l1-1-0.dll
0x6e3b0000 - 0x6e3b4000 	C:\Windows\system32\api-ms-win-crt-stdio-l1-1-0.dll
0x6e3a0000 - 0x6e3a4000 	C:\Windows\system32\api-ms-win-crt-convert-l1-1-0.dll
0x6e110000 - 0x6e180000 	C:\Windows\system32\MSVCP140.dll
0x6e390000 - 0x6e393000 	C:\Windows\system32\api-ms-win-crt-locale-l1-1-0.dll
0x6e380000 - 0x6e385000 	C:\Windows\system32\api-ms-win-crt-math-l1-1-0.dll
0x6e370000 - 0x6e373000 	C:\Windows\system32\api-ms-win-crt-time-l1-1-0.dll
0x6e360000 - 0x6e363000 	C:\Windows\system32\api-ms-win-crt-filesystem-l1-1-0.dll
0x6e100000 - 0x6e103000 	C:\Windows\system32\api-ms-win-crt-environment-l1-1-0.dll
0x6e0f0000 - 0x6e0f3000 	C:\Windows\system32\api-ms-win-crt-utility-l1-1-0.dll
0x6d7e0000 - 0x6da26000 	C:\Windows\system32\msi.dll
0x6cbc0000 - 0x6d446000 	C:\PROGRA~1\MIF5BA~1\Office16\1049\GrooveIntlResource.dll
0x6ca70000 - 0x6cada000 	C:\Windows\System32\cscui.dll
0x6c8e0000 - 0x6c8e9000 	C:\Windows\System32\CSCDLL.dll
0x6c860000 - 0x6c8d0000 	C:\Windows\system32\ntshrui.dll
0x75610000 - 0x75629000 	C:\Windows\system32\srvcli.dll
0x69710000 - 0x69734000 	C:\Program Files\Java\jre7\bin\dcpr.dll
0x67150000 - 0x6723b000 	C:\Windows\system32\dbghelp.dll

VM Arguments:
jvm_args: -agentlib:jdwp=transport=dt_socket,suspend=y,address=localhost:49375 -Dfile.encoding=Cp1251 
java_command: obba.MainFrame
Launcher Type: SUN_STANDARD

Environment Variables:
PATH=C:/Program Files/Java/jre7/bin/client;C:/Program Files/Java/jre7/bin;C:\Program Files\NVIDIA Corporation\PhysX\Common;C:\Windows\system32;C:\Windows;C:\Windows\System32\Wbem;C:\Windows\System32\WindowsPowerShell\v1.0\;F:\123456\runtime\win32;F:\123456\bin;F:\123456\polyspace\bin;D:\Git\cmd
USERNAME=Андрей1
OS=Windows_NT
PROCESSOR_IDENTIFIER=x86 Family 6 Model 15 Stepping 11, GenuineIntel



---------------  S Y S T E M  ---------------

OS: Windows 7 Build 7601 Service Pack 1

CPU:total 2 (2 cores per cpu, 1 threads per core) family 6 model 15 stepping 11, cmov, cx8, fxsr, mmx, sse, sse2, sse3, ssse3, tsc

Memory: 4k page, physical 2095608k(518120k free), swap 4191216k(2352200k free)

vm_info: Java HotSpot(TM) Client VM (24.80-b11) for windows-x86 JRE (1.7.0_80-b15), built on Apr 10 2015 13:33:35 by "java_re" with unknown MS VC++:1600

time: Thu Dec 12 19:35:57 2019
elapsed time: 88 seconds

