#
# A fatal error has been detected by the Java Runtime Environment:
#
#  EXCEPTION_ACCESS_VIOLATION (0xc0000005) at pc=0x1a000000, pid=1708, tid=5380
#
# JRE version: Java(TM) SE Runtime Environment (7.0_80-b15) (build 1.7.0_80-b15)
# Java VM: Java HotSpot(TM) Client VM (24.80-b11 mixed mode windows-x86 )
# Problematic frame:
# C  0x1a000000
#
# Failed to write core dump. Minidumps are not enabled by default on client versions of Windows
#
# If you would like to submit a bug report, please visit:
#   http://bugreport.java.com/bugreport/crash.jsp
# The crash happened outside the Java Virtual Machine in native code.
# See problematic frame for where to report the bug.
#

---------------  T H R E A D  ---------------

Current thread (0x175f2400):  JavaThread "AWT-EventQueue-0" [_thread_in_native, id=5380, stack(0x19970000,0x199c0000)]

siginfo: ExceptionCode=0xc0000005, ExceptionInformation=0x00000008 0x1a000000

Registers:
EAX=0x00000800, EBX=0x1af4b410, ECX=0x1af4b3a8, EDX=0x00000000
ESP=0x199be5c4, EBP=0x199be618, ESI=0x176a9620, EDI=0x1af4b3a8
EIP=0x1a000000, EFLAGS=0x00010287

Top of Stack: (sp=0x199be5c4)
0x199be5c4:   5ac44a1e 176a9620 175af4e0 00000800
0x199be5d4:   1af4b410 175b61c8 175b61c8 1af9d2d0
0x199be5e4:   5ac44a83 1af4b3a8 5ac54da5 1af4b3a8
0x199be5f4:   175b61d8 63690072 175f2530 00000000
0x199be604:   fffffffe 199be620 67737486 175f2400
0x199be614:   2f1123ef 199be648 5ac54f76 175f2530
0x199be624:   199be6c8 1af858a8 175b61c8 0000002d
0x199be634:   63690072 138fb348 138fb348 175f2400 

Instructions: (pc=0x1a000000)
0x19ffffe0:   00 00 00 00 00 00 00 00 00 00 00 00 00 00 00 00
0x19fffff0:   00 00 00 00 00 00 00 00 00 00 00 00 00 00 00 00
0x1a000000:   00 00 00 00 00 00 00 00 00 00 00 00 00 00 00 00
0x1a000010:   00 00 00 00 00 00 00 00 00 00 00 00 00 00 00 00 


Register to memory mapping:

EAX=0x00000800 is an unknown value
EBX=0x1af4b410 is an unknown value
ECX=0x1af4b3a8 is an unknown value
EDX=0x00000000 is an unknown value
ESP=0x199be5c4 is pointing into the stack for thread: 0x175f2400
EBP=0x199be618 is pointing into the stack for thread: 0x175f2400
ESI=0x176a9620 is an unknown value
EDI=0x1af4b3a8 is an unknown value


Stack: [0x19970000,0x199c0000],  sp=0x199be5c4,  free space=313k
Native frames: (J=compiled Java code, j=interpreted, Vv=VM code, C=native code)
C  0x1a000000
C  [t2k.dll+0x24f76]
j  sun.font.T2KFontScaler.getGlyphMetricsNative(Lsun/font/Font2D;JJILjava/awt/geom/Point2D$Float;)V+0
j  sun.font.T2KFontScaler.getGlyphMetrics(JILjava/awt/geom/Point2D$Float;)V+28
j  sun.font.FileFont.getGlyphMetrics(JILjava/awt/geom/Point2D$Float;)V+8
j  sun.font.FileFontStrike.getGlyphMetrics(IZ)Ljava/awt/geom/Point2D$Float;+201
j  sun.font.FileFontStrike.getGlyphMetrics(I)Ljava/awt/geom/Point2D$Float;+3
j  sun.font.CompositeStrike.getGlyphMetrics(I)Ljava/awt/geom/Point2D$Float;+11
j  sun.font.StandardGlyphVector$GlyphStrike.addDefaultGlyphAdvance(ILjava/awt/geom/Point2D$Float;)V+5
j  sun.font.StandardGlyphVector.initPositions()V+162
j  sun.font.StandardGlyphVector.getLogicalBounds()Ljava/awt/geom/Rectangle2D;+5
j  java.awt.Font.getStringBounds([CIILjava/awt/font/FontRenderContext;)Ljava/awt/geom/Rectangle2D;+190
j  java.awt.Font.getStringBounds(Ljava/lang/String;Ljava/awt/font/FontRenderContext;)Ljava/awt/geom/Rectangle2D;+11
j  obba.GraphicsDisplay.paintAxis(Ljava/awt/Graphics2D;)V+185
j  obba.GraphicsDisplay.paintComponent(Ljava/awt/Graphics;)V+310
j  javax.swing.JComponent.paint(Ljava/awt/Graphics;)V+286
j  javax.swing.JComponent.paintToOffscreen(Ljava/awt/Graphics;IIIIII)V+41
j  javax.swing.RepaintManager$PaintManager.paintDoubleBuffered(Ljavax/swing/JComponent;Ljava/awt/Image;Ljava/awt/Graphics;IIII)V+163
j  javax.swing.RepaintManager$PaintManager.paint(Ljavax/swing/JComponent;Ljavax/swing/JComponent;Ljava/awt/Graphics;IIII)Z+116
j  javax.swing.RepaintManager.paint(Ljavax/swing/JComponent;Ljavax/swing/JComponent;Ljava/awt/Graphics;IIII)V+52
j  javax.swing.JComponent._paintImmediately(IIII)V+683
j  javax.swing.JComponent.paintImmediately(IIII)V+138
j  javax.swing.RepaintManager$3.run()Ljava/lang/Void;+75
j  javax.swing.RepaintManager$3.run()Ljava/lang/Object;+1
v  ~StubRoutines::call_stub
V  [jvm.dll+0x1429aa]
V  [jvm.dll+0x20743e]
V  [jvm.dll+0x142a2d]
V  [jvm.dll+0xfc8aa]
C  [java.dll+0x102f]
j  java.security.ProtectionDomain$1.doIntersectionPrivilege(Ljava/security/PrivilegedAction;Ljava/security/AccessControlContext;Ljava/security/AccessControlContext;)Ljava/lang/Object;+28
j  javax.swing.RepaintManager.paintDirtyRegions(Ljava/util/Map;)V+154
j  javax.swing.RepaintManager.paintDirtyRegions()V+46
j  javax.swing.RepaintManager.prePaintDirtyRegions()V+73
j  javax.swing.RepaintManager.access$1100(Ljavax/swing/RepaintManager;)V+1
j  javax.swing.RepaintManager$ProcessingRunnable.run()V+37
j  java.awt.event.InvocationEvent.dispatch()V+47
j  java.awt.EventQueue.dispatchEventImpl(Ljava/awt/AWTEvent;Ljava/lang/Object;)V+21
j  java.awt.EventQueue.access$300(Ljava/awt/EventQueue;Ljava/awt/AWTEvent;Ljava/lang/Object;)V+3
j  java.awt.EventQueue$3.run()Ljava/lang/Void;+12
j  java.awt.EventQueue$3.run()Ljava/lang/Object;+1
v  ~StubRoutines::call_stub
V  [jvm.dll+0x1429aa]
V  [jvm.dll+0x20743e]
V  [jvm.dll+0x142a2d]
V  [jvm.dll+0xfc8aa]
C  [java.dll+0x102f]
j  java.security.ProtectionDomain$1.doIntersectionPrivilege(Ljava/security/PrivilegedAction;Ljava/security/AccessControlContext;Ljava/security/AccessControlContext;)Ljava/lang/Object;+28
j  java.awt.EventQueue.dispatchEvent(Ljava/awt/AWTEvent;)V+46
j  java.awt.EventDispatchThread.pumpOneEventForFilters(I)V+245
j  java.awt.EventDispatchThread.pumpEventsForFilter(ILjava/awt/Conditional;Ljava/awt/EventFilter;)V+35
j  java.awt.EventDispatchThread.pumpEventsForHierarchy(ILjava/awt/Conditional;Ljava/awt/Component;)V+11
j  java.awt.EventDispatchThread.pumpEvents(ILjava/awt/Conditional;)V+4
j  java.awt.EventDispatchThread.pumpEvents(Ljava/awt/Conditional;)V+3
j  java.awt.EventDispatchThread.run()V+9
v  ~StubRoutines::call_stub
V  [jvm.dll+0x1429aa]
V  [jvm.dll+0x20743e]
V  [jvm.dll+0x142b75]
V  [jvm.dll+0x142bd7]
V  [jvm.dll+0xed5cf]
V  [jvm.dll+0x163c4c]
V  [jvm.dll+0x1646a7]
V  [jvm.dll+0x1a92f9]
C  [msvcr100.dll+0x5c556]
C  [msvcr100.dll+0x5c600]
C  [kernel32.dll+0x4ef3c]
C  [ntdll.dll+0x63688]
C  [ntdll.dll+0x6365b]

Java frames: (J=compiled Java code, j=interpreted, Vv=VM code)
j  sun.font.T2KFontScaler.getGlyphMetricsNative(Lsun/font/Font2D;JJILjava/awt/geom/Point2D$Float;)V+0
j  sun.font.T2KFontScaler.getGlyphMetrics(JILjava/awt/geom/Point2D$Float;)V+28
j  sun.font.FileFont.getGlyphMetrics(JILjava/awt/geom/Point2D$Float;)V+8
j  sun.font.FileFontStrike.getGlyphMetrics(IZ)Ljava/awt/geom/Point2D$Float;+201
j  sun.font.FileFontStrike.getGlyphMetrics(I)Ljava/awt/geom/Point2D$Float;+3
j  sun.font.CompositeStrike.getGlyphMetrics(I)Ljava/awt/geom/Point2D$Float;+11
j  sun.font.StandardGlyphVector$GlyphStrike.addDefaultGlyphAdvance(ILjava/awt/geom/Point2D$Float;)V+5
j  sun.font.StandardGlyphVector.initPositions()V+162
j  sun.font.StandardGlyphVector.getLogicalBounds()Ljava/awt/geom/Rectangle2D;+5
j  java.awt.Font.getStringBounds([CIILjava/awt/font/FontRenderContext;)Ljava/awt/geom/Rectangle2D;+190
j  java.awt.Font.getStringBounds(Ljava/lang/String;Ljava/awt/font/FontRenderContext;)Ljava/awt/geom/Rectangle2D;+11
j  obba.GraphicsDisplay.paintAxis(Ljava/awt/Graphics2D;)V+185
j  obba.GraphicsDisplay.paintComponent(Ljava/awt/Graphics;)V+310
j  javax.swing.JComponent.paint(Ljava/awt/Graphics;)V+286
j  javax.swing.JComponent.paintToOffscreen(Ljava/awt/Graphics;IIIIII)V+41
j  javax.swing.RepaintManager$PaintManager.paintDoubleBuffered(Ljavax/swing/JComponent;Ljava/awt/Image;Ljava/awt/Graphics;IIII)V+163
j  javax.swing.RepaintManager$PaintManager.paint(Ljavax/swing/JComponent;Ljavax/swing/JComponent;Ljava/awt/Graphics;IIII)Z+116
j  javax.swing.RepaintManager.paint(Ljavax/swing/JComponent;Ljavax/swing/JComponent;Ljava/awt/Graphics;IIII)V+52
j  javax.swing.JComponent._paintImmediately(IIII)V+683
j  javax.swing.JComponent.paintImmediately(IIII)V+138
j  javax.swing.RepaintManager$3.run()Ljava/lang/Void;+75
j  javax.swing.RepaintManager$3.run()Ljava/lang/Object;+1
v  ~StubRoutines::call_stub
j  java.security.AccessController.doPrivileged(Ljava/security/PrivilegedAction;Ljava/security/AccessControlContext;)Ljava/lang/Object;+0
j  java.security.ProtectionDomain$1.doIntersectionPrivilege(Ljava/security/PrivilegedAction;Ljava/security/AccessControlContext;Ljava/security/AccessControlContext;)Ljava/lang/Object;+28
j  javax.swing.RepaintManager.paintDirtyRegions(Ljava/util/Map;)V+154
j  javax.swing.RepaintManager.paintDirtyRegions()V+46
j  javax.swing.RepaintManager.prePaintDirtyRegions()V+73
j  javax.swing.RepaintManager.access$1100(Ljavax/swing/RepaintManager;)V+1
j  javax.swing.RepaintManager$ProcessingRunnable.run()V+37
j  java.awt.event.InvocationEvent.dispatch()V+47
j  java.awt.EventQueue.dispatchEventImpl(Ljava/awt/AWTEvent;Ljava/lang/Object;)V+21
j  java.awt.EventQueue.access$300(Ljava/awt/EventQueue;Ljava/awt/AWTEvent;Ljava/lang/Object;)V+3
j  java.awt.EventQueue$3.run()Ljava/lang/Void;+12
j  java.awt.EventQueue$3.run()Ljava/lang/Object;+1
v  ~StubRoutines::call_stub
j  java.security.AccessController.doPrivileged(Ljava/security/PrivilegedAction;Ljava/security/AccessControlContext;)Ljava/lang/Object;+0
j  java.security.ProtectionDomain$1.doIntersectionPrivilege(Ljava/security/PrivilegedAction;Ljava/security/AccessControlContext;Ljava/security/AccessControlContext;)Ljava/lang/Object;+28
j  java.awt.EventQueue.dispatchEvent(Ljava/awt/AWTEvent;)V+46
j  java.awt.EventDispatchThread.pumpOneEventForFilters(I)V+245
j  java.awt.EventDispatchThread.pumpEventsForFilter(ILjava/awt/Conditional;Ljava/awt/EventFilter;)V+35
j  java.awt.EventDispatchThread.pumpEventsForHierarchy(ILjava/awt/Conditional;Ljava/awt/Component;)V+11
j  java.awt.EventDispatchThread.pumpEvents(ILjava/awt/Conditional;)V+4
j  java.awt.EventDispatchThread.pumpEvents(Ljava/awt/Conditional;)V+3
j  java.awt.EventDispatchThread.run()V+9
v  ~StubRoutines::call_stub

---------------  P R O C E S S  ---------------

Java Threads: ( => current thread )
  0x1af6f400 JavaThread "TimerQueue" daemon [_thread_blocked, id=4416, stack(0x1b400000,0x1b450000)]
  0x1af40800 JavaThread "Swing-Shell" daemon [_thread_blocked, id=5752, stack(0x17f00000,0x17f50000)]
  0x176a8000 JavaThread "D3D Screen Updater" daemon [_thread_blocked, id=5528, stack(0x1a190000,0x1a1e0000)]
  0x0121c400 JavaThread "DestroyJavaVM" [_thread_blocked, id=4456, stack(0x01380000,0x013d0000)]
=>0x175f2400 JavaThread "AWT-EventQueue-0" [_thread_in_native, id=5380, stack(0x19970000,0x199c0000)]
  0x175f1c00 JavaThread "AWT-Shutdown" [_thread_blocked, id=5504, stack(0x198d0000,0x19920000)]
  0x175b6c00 JavaThread "AWT-Windows" daemon [_thread_in_native, id=4588, stack(0x18590000,0x185e0000)]
  0x175b5800 JavaThread "Java2D Disposer" daemon [_thread_blocked, id=3880, stack(0x183f0000,0x18440000)]
  0x17512c00 JavaThread "Service Thread" daemon [_thread_blocked, id=4304, stack(0x17eb0000,0x17f00000)]
  0x1750b400 JavaThread "C1 CompilerThread0" daemon [_thread_blocked, id=3192, stack(0x182b0000,0x18300000)]
  0x174fc400 JavaThread "JDWP Command Reader" daemon [_thread_in_native, id=328, stack(0x180f0000,0x18140000)]
  0x174f9400 JavaThread "JDWP Event Helper Thread" daemon [_thread_blocked, id=1800, stack(0x18170000,0x181c0000)]
  0x174f1000 JavaThread "JDWP Transport Listener: dt_socket" daemon [_thread_blocked, id=3500, stack(0x17fe0000,0x18030000)]
  0x174eb800 JavaThread "Attach Listener" daemon [_thread_blocked, id=3132, stack(0x17930000,0x17980000)]
  0x174e8800 JavaThread "Signal Dispatcher" daemon [_thread_blocked, id=2288, stack(0x17980000,0x179d0000)]
  0x174bb400 JavaThread "Finalizer" daemon [_thread_blocked, id=1352, stack(0x178c0000,0x17910000)]
  0x174b6400 JavaThread "Reference Handler" daemon [_thread_blocked, id=312, stack(0x177f0000,0x17840000)]

Other Threads:
  0x174b2400 VMThread [stack: 0x176d0000,0x17720000] [id=4508]
  0x17523c00 WatcherThread [stack: 0x18210000,0x18260000] [id=5248]

VM state:not at safepoint (normal execution)

VM Mutex/Monitor currently owned by a thread: None

Heap
 def new generation   total 4928K, used 1321K [0x03400000, 0x03950000, 0x08950000)
  eden space 4416K,  18% used [0x03400000, 0x034ca410, 0x03850000)
  from space 512K, 100% used [0x038d0000, 0x03950000, 0x03950000)
  to   space 512K,   0% used [0x03850000, 0x03850000, 0x038d0000)
 tenured generation   total 10944K, used 938K [0x08950000, 0x09400000, 0x13400000)
   the space 10944K,   8% used [0x08950000, 0x08a3abc0, 0x08a3ac00, 0x09400000)
 compacting perm gen  total 12288K, used 7673K [0x13400000, 0x14000000, 0x17400000)
   the space 12288K,  62% used [0x13400000, 0x13b7e7d0, 0x13b7e800, 0x14000000)
No shared spaces configured.

Card table byte_map: [0x17400000,0x174b0000] byte_map_base: 0x173e6000

Polling page: 0x00170000

Code Cache  [0x013d0000, 0x014b0000, 0x033d0000)
 total_blobs=440 nmethods=219 adapters=166 free_code_cache=31884Kb largest_free_block=32649408

Compilation events (10 events):
Event: 28.696 Thread 0x1750b400  214             java.awt.AWTEvent::<init> (81 bytes)
Event: 28.697 Thread 0x1750b400 nmethod 214 0x014abc08 code [0x014abd30, 0x014abf24]
Event: 31.705 Thread 0x1750b400  216             sun.awt.EventQueueItem::<init> (10 bytes)
Event: 31.705 Thread 0x1750b400 nmethod 216 0x014ac348 code [0x014ac440, 0x014ac4d0]
Event: 33.933 Thread 0x1750b400  217             sun.java2d.SurfaceData::isSurfaceLost (5 bytes)
Event: 33.933 Thread 0x1750b400 nmethod 217 0x014ac548 code [0x014ac640, 0x014ac6c0]
Event: 33.933 Thread 0x1750b400  218             java.awt.EventQueue::eventToCacheIndex (69 bytes)
Event: 33.933 Thread 0x1750b400 nmethod 218 0x014ac708 code [0x014ac800, 0x014ac920]
Event: 33.943 Thread 0x1750b400  219  s!         java.awt.Toolkit::getDefaultToolkit (39 bytes)
Event: 33.944 Thread 0x1750b400 nmethod 219 0x014ac988 code [0x014acad0, 0x014acd6c]

GC Heap History (2 events):
Event: 20.672 GC heap before
{Heap before GC invocations=0 (full 0):
 def new generation   total 4928K, used 4416K [0x03400000, 0x03950000, 0x08950000)
  eden space 4416K, 100% used [0x03400000, 0x03850000, 0x03850000)
  from space 512K,   0% used [0x03850000, 0x03850000, 0x038d0000)
  to   space 512K,   0% used [0x038d0000, 0x038d0000, 0x03950000)
 tenured generation   total 10944K, used 0K [0x08950000, 0x09400000, 0x13400000)
   the space 10944K,   0% used [0x08950000, 0x08950000, 0x08950200, 0x09400000)
 compacting perm gen  total 12288K, used 7420K [0x13400000, 0x14000000, 0x17400000)
   the space 12288K,  60% used [0x13400000, 0x13b3f220, 0x13b3f400, 0x14000000)
No shared spaces configured.
Event: 20.686 GC heap after
Heap after GC invocations=1 (full 0):
 def new generation   total 4928K, used 512K [0x03400000, 0x03950000, 0x08950000)
  eden space 4416K,   0% used [0x03400000, 0x03400000, 0x03850000)
  from space 512K, 100% used [0x038d0000, 0x03950000, 0x03950000)
  to   space 512K,   0% used [0x03850000, 0x03850000, 0x038d0000)
 tenured generation   total 10944K, used 938K [0x08950000, 0x09400000, 0x13400000)
   the space 10944K,   8% used [0x08950000, 0x08a3abc0, 0x08a3ac00, 0x09400000)
 compacting perm gen  total 12288K, used 7420K [0x13400000, 0x14000000, 0x17400000)
   the space 12288K,  60% used [0x13400000, 0x13b3f220, 0x13b3f400, 0x14000000)
No shared spaces configured.
}

Deoptimization events (0 events):
No events

Internal exceptions (10 events):
Event: 1.930 Thread 0x0121c400 Threw 0x0353a788 at C:\re\jdk7u80\2329\hotspot\src\share\vm\prims\jvm.cpp:1319
Event: 2.114 Thread 0x0121c400 Threw 0x0355d848 at C:\re\jdk7u80\2329\hotspot\src\share\vm\prims\jvm.cpp:1319
Event: 15.414 Thread 0x0121c400 Threw 0x0355fd08 at C:\re\jdk7u80\2329\hotspot\src\share\vm\prims\jvm.cpp:1319
Event: 15.516 Thread 0x0121c400 Threw 0x03567810 at C:\re\jdk7u80\2329\hotspot\src\share\vm\prims\jvm.cpp:1319
Event: 15.542 Thread 0x0121c400 Threw 0x03583a80 at C:\re\jdk7u80\2329\hotspot\src\share\vm\prims\jvm.cpp:1319
Event: 15.553 Thread 0x0121c400 Threw 0x03587a50 at C:\re\jdk7u80\2329\hotspot\src\share\vm\prims\jvm.cpp:1319
Event: 15.582 Thread 0x0121c400 Threw 0x0358b3a0 at C:\re\jdk7u80\2329\hotspot\src\share\vm\prims\jvm.cpp:1319
Event: 15.604 Thread 0x0121c400 Threw 0x0358e010 at C:\re\jdk7u80\2329\hotspot\src\share\vm\prims\jvm.cpp:1319
Event: 15.613 Thread 0x0121c400 Threw 0x0358f9a8 at C:\re\jdk7u80\2329\hotspot\src\share\vm\prims\jvm.cpp:1319
Event: 15.616 Thread 0x0121c400 Threw 0x035924e0 at C:\re\jdk7u80\2329\hotspot\src\share\vm\prims\jvm.cpp:1319

Events (10 events):
Event: 109.313 Executing VM operation: EnterInterpOnlyMode
Event: 109.313 Executing VM operation: EnterInterpOnlyMode done
Event: 109.313 Executing VM operation: GetCurrentLocation
Event: 109.313 Executing VM operation: GetCurrentLocation done
Event: 109.313 Executing VM operation: ChangeSingleStep
Event: 109.313 Executing VM operation: ChangeSingleStep done
Event: 109.314 Executing VM operation: ChangeSingleStep
Event: 109.314 Executing VM operation: ChangeSingleStep done
Event: 109.314 loading class 0x17658a08
Event: 109.331 loading class 0x17658a08 done


Dynamic libraries:
0x00140000 - 0x0016f000 	C:\Program Files\Java\jre7\bin\javaw.exe
0x77cf0000 - 0x77e32000 	C:\Windows\SYSTEM32\ntdll.dll
0x779d0000 - 0x77aa5000 	C:\Windows\system32\kernel32.dll
0x75a90000 - 0x75adb000 	C:\Windows\system32\KERNELBASE.dll
0x77920000 - 0x779c1000 	C:\Windows\system32\ADVAPI32.dll
0x76170000 - 0x7621c000 	C:\Windows\system32\msvcrt.dll
0x76440000 - 0x76459000 	C:\Windows\SYSTEM32\sechost.dll
0x75da0000 - 0x75e42000 	C:\Windows\system32\RPCRT4.dll
0x77520000 - 0x775e9000 	C:\Windows\system32\USER32.dll
0x77ee0000 - 0x77f2e000 	C:\Windows\system32\GDI32.dll
0x770d0000 - 0x770da000 	C:\Windows\system32\LPK.dll
0x77e40000 - 0x77edd000 	C:\Windows\system32\USP10.dll
0x747c0000 - 0x7495e000 	C:\Windows\WinSxS\x86_microsoft.windows.common-controls_6595b64144ccf1df_6.0.7601.24483_none_2b200f664577e14b\COMCTL32.dll
0x776b0000 - 0x77707000 	C:\Windows\system32\SHLWAPI.dll
0x770b0000 - 0x770cf000 	C:\Windows\system32\IMM32.DLL
0x75ec0000 - 0x75f8e000 	C:\Windows\system32\MSCTF.dll
0x5ab10000 - 0x5abcf000 	C:\Program Files\Java\jre7\bin\msvcr100.dll
0x67670000 - 0x679fb000 	C:\Program Files\Java\jre7\bin\client\jvm.dll
0x68af0000 - 0x68af7000 	C:\Windows\system32\WSOCK32.dll
0x76130000 - 0x76165000 	C:\Windows\system32\WS2_32.dll
0x777b0000 - 0x777b6000 	C:\Windows\system32\NSI.dll
0x73660000 - 0x73692000 	C:\Windows\system32\WINMM.dll
0x77f30000 - 0x77f35000 	C:\Windows\system32\PSAPI.DLL
0x675a0000 - 0x675ac000 	C:\Program Files\Java\jre7\bin\verify.dll
0x67570000 - 0x67591000 	C:\Program Files\Java\jre7\bin\java.dll
0x5ac60000 - 0x5ac8a000 	C:\Program Files\Java\jre7\bin\jdwp.dll
0x691a0000 - 0x691a7000 	C:\Program Files\Java\jre7\bin\npt.dll
0x67550000 - 0x67563000 	C:\Program Files\Java\jre7\bin\zip.dll
0x68220000 - 0x68228000 	C:\Program Files\Java\jre7\bin\dt_socket.dll
0x737c0000 - 0x737d0000 	C:\Windows\system32\NLAapi.dll
0x6afe0000 - 0x6aff0000 	C:\Windows\system32\napinsp.dll
0x6afc0000 - 0x6afd2000 	C:\Windows\system32\pnrpnsp.dll
0x753f0000 - 0x7542c000 	C:\Windows\System32\mswsock.dll
0x752b0000 - 0x752f4000 	C:\Windows\system32\DNSAPI.dll
0x6afb0000 - 0x6afb8000 	C:\Windows\System32\winrnr.dll
0x73600000 - 0x7361c000 	C:\Windows\system32\IPHLPAPI.DLL
0x73620000 - 0x73627000 	C:\Windows\system32\WINNSI.DLL
0x735c0000 - 0x735f8000 	C:\Windows\System32\fwpuclnt.dll
0x70030000 - 0x70036000 	C:\Windows\system32\rasadhlp.dll
0x74ed0000 - 0x74ed5000 	C:\Windows\System32\wshtcpip.dll
0x5a9c0000 - 0x5ab03000 	C:\Program Files\Java\jre7\bin\awt.dll
0x77710000 - 0x777a2000 	C:\Windows\system32\OLEAUT32.dll
0x777c0000 - 0x7791f000 	C:\Windows\system32\ole32.dll
0x74300000 - 0x74313000 	C:\Windows\system32\DWMAPI.DLL
0x74640000 - 0x74680000 	C:\Windows\system32\uxtheme.dll
0x75960000 - 0x7596c000 	C:\Windows\system32\CRYPTBASE.dll
0x58470000 - 0x58633000 	C:\Windows\system32\d3d9.dll
0x74fe0000 - 0x74fe9000 	C:\Windows\system32\VERSION.dll
0x5a6f0000 - 0x5a6f6000 	C:\Windows\system32\d3d8thk.dll
0x52280000 - 0x5304e000 	C:\Windows\system32\nvd3dum.dll
0x73b10000 - 0x73b35000 	C:\Windows\system32\powrprof.dll
0x75f90000 - 0x7612d000 	C:\Windows\system32\SETUPAPI.dll
0x75b40000 - 0x75b67000 	C:\Windows\system32\CFGMGR32.dll
0x75b00000 - 0x75b12000 	C:\Windows\system32\DEVOBJ.dll
0x5a880000 - 0x5a9bb000 	C:\Program Files\NVIDIA Corporation\3D Vision\nvSCPAPI.dll
0x76460000 - 0x770ac000 	C:\Windows\system32\SHELL32.dll
0x5abe0000 - 0x5ac19000 	C:\Program Files\Java\jre7\bin\fontmanager.dll
0x673c0000 - 0x673d4000 	C:\Program Files\Java\jre7\bin\net.dll
0x753e0000 - 0x753e6000 	C:\Windows\System32\wship6.dll
0x66d20000 - 0x66d2f000 	C:\Program Files\Java\jre7\bin\nio.dll
0x5ac30000 - 0x5ac60000 	C:\Program Files\Java\jre7\bin\t2k.dll
0x70d70000 - 0x70df4000 	C:\Windows\WinSxS\x86_microsoft.windows.common-controls_6595b64144ccf1df_5.82.7601.18837_none_ec86b8d6858ec0bc\comctl32.dll
0x77620000 - 0x776a3000 	C:\Windows\system32\CLBCatQ.DLL
0x74680000 - 0x74775000 	C:\Windows\system32\propsys.dll
0x74f50000 - 0x74f71000 	C:\Windows\system32\ntmarta.dll
0x76220000 - 0x76265000 	C:\Windows\system32\WLDAP32.dll
0x75910000 - 0x7595c000 	C:\Windows\system32\apphelp.dll
0x69690000 - 0x69828000 	C:\Windows\system32\NetworkExplorer.dll
0x6ac40000 - 0x6ac6f000 	C:\Windows\System32\shdocvw.dll
0x75a80000 - 0x75a8b000 	C:\Windows\system32\profapi.dll
0x736e0000 - 0x736ea000 	C:\Windows\system32\slc.dll
0x70140000 - 0x70152000 	C:\Windows\system32\MPR.dll
0x68210000 - 0x68218000 	C:\Windows\System32\drprov.dll
0x759d0000 - 0x759f9000 	C:\Windows\System32\WINSTA.dll
0x5a7b0000 - 0x5a7c4000 	C:\Windows\System32\ntlanman.dll
0x5a790000 - 0x5a7a8000 	C:\Windows\System32\davclnt.dll
0x66a30000 - 0x66a38000 	C:\Windows\System32\DAVHLPR.dll
0x74060000 - 0x7406f000 	C:\Windows\system32\wkscli.dll
0x6c8d0000 - 0x6c8db000 	C:\Windows\system32\cscapi.dll
0x74070000 - 0x74079000 	C:\Windows\system32\netutils.dll
0x55830000 - 0x55a68000 	C:\Windows\system32\wpdshext.dll
0x744a0000 - 0x74633000 	C:\Windows\WinSxS\x86_microsoft.windows.gdiplus_6595b64144ccf1df_1.1.7601.24537_none_5c05a595a00f433b\gdiplus.dll
0x71dc0000 - 0x71e49000 	C:\Windows\system32\PortableDeviceApi.dll
0x75d60000 - 0x75d8f000 	C:\Windows\system32\WINTRUST.dll
0x75c20000 - 0x75d42000 	C:\Windows\system32\CRYPT32.dll
0x75a70000 - 0x75a7c000 	C:\Windows\system32\MSASN1.dll
0x72550000 - 0x7257b000 	C:\Windows\system32\PortableDeviceTypes.dll
0x5a710000 - 0x5a74f000 	C:\Windows\system32\audiodev.dll
0x682b0000 - 0x68517000 	C:\Windows\system32\WMVCore.DLL
0x68160000 - 0x6819d000 	C:\Windows\system32\WMASF.DLL
0x6cb80000 - 0x6cbb1000 	C:\Windows\system32\EhStorShell.dll
0x5a760000 - 0x5a782000 	C:\Windows\system32\EhStorAPI.dll
0x6ace0000 - 0x6ace9000 	C:\Windows\system32\LINKINFO.dll
0x74190000 - 0x742c1000 	C:\Windows\system32\WindowsCodecs.dll
0x6df60000 - 0x6e0d4000 	C:\PROGRA~1\MIF5BA~1\Office16\GROOVEEX.DLL
0x6e8f0000 - 0x6e904000 	C:\Windows\system32\VCRUNTIME140.dll
0x6eb60000 - 0x6eb64000 	C:\Windows\system32\api-ms-win-crt-runtime-l1-1-0.dll
0x6e180000 - 0x6e25f000 	C:\Windows\system32\ucrtbase.DLL
0x6e8e0000 - 0x6e8e3000 	C:\Windows\system32\api-ms-win-core-timezone-l1-1-0.dll
0x6e8d0000 - 0x6e8d3000 	C:\Windows\system32\api-ms-win-core-file-l2-1-0.dll
0x6e8c0000 - 0x6e8c3000 	C:\Windows\system32\api-ms-win-core-localization-l1-2-0.dll
0x70420000 - 0x70423000 	C:\Windows\system32\api-ms-win-core-synch-l1-2-0.dll
0x6e790000 - 0x6e793000 	C:\Windows\system32\api-ms-win-core-processthreads-l1-1-1.dll
0x6e780000 - 0x6e783000 	C:\Windows\system32\api-ms-win-core-file-l1-2-0.dll
0x6e3d0000 - 0x6e3d4000 	C:\Windows\system32\api-ms-win-crt-string-l1-1-0.dll
0x6e3c0000 - 0x6e3c3000 	C:\Windows\system32\api-ms-win-crt-heap-l1-1-0.dll
0x6e3b0000 - 0x6e3b4000 	C:\Windows\system32\api-ms-win-crt-stdio-l1-1-0.dll
0x6e3a0000 - 0x6e3a4000 	C:\Windows\system32\api-ms-win-crt-convert-l1-1-0.dll
0x6e110000 - 0x6e180000 	C:\Windows\system32\MSVCP140.dll
0x6e390000 - 0x6e393000 	C:\Windows\system32\api-ms-win-crt-locale-l1-1-0.dll
0x6e380000 - 0x6e385000 	C:\Windows\system32\api-ms-win-crt-math-l1-1-0.dll
0x6e370000 - 0x6e373000 	C:\Windows\system32\api-ms-win-crt-time-l1-1-0.dll
0x6e360000 - 0x6e363000 	C:\Windows\system32\api-ms-win-crt-filesystem-l1-1-0.dll
0x6e100000 - 0x6e103000 	C:\Windows\system32\api-ms-win-crt-environment-l1-1-0.dll
0x6e0f0000 - 0x6e0f3000 	C:\Windows\system32\api-ms-win-crt-utility-l1-1-0.dll
0x6d7e0000 - 0x6da26000 	C:\Windows\system32\msi.dll
0x6cbc0000 - 0x6d446000 	C:\PROGRA~1\MIF5BA~1\Office16\1049\GrooveIntlResource.dll
0x6ca70000 - 0x6cada000 	C:\Windows\System32\cscui.dll
0x6c8e0000 - 0x6c8e9000 	C:\Windows\System32\CSCDLL.dll
0x6c860000 - 0x6c8d0000 	C:\Windows\system32\ntshrui.dll
0x75610000 - 0x75629000 	C:\Windows\system32\srvcli.dll
0x56280000 - 0x562a4000 	C:\Program Files\Java\jre7\bin\dcpr.dll
0x67150000 - 0x6723b000 	C:\Windows\system32\dbghelp.dll

VM Arguments:
jvm_args: -agentlib:jdwp=transport=dt_socket,suspend=y,address=localhost:49268 -Dfile.encoding=Cp1251 
java_command: obba.MainFrame
Launcher Type: SUN_STANDARD

Environment Variables:
PATH=C:/Program Files/Java/jre7/bin/client;C:/Program Files/Java/jre7/bin;C:\Program Files\NVIDIA Corporation\PhysX\Common;C:\Windows\system32;C:\Windows;C:\Windows\System32\Wbem;C:\Windows\System32\WindowsPowerShell\v1.0\;F:\123456\runtime\win32;F:\123456\bin;F:\123456\polyspace\bin;D:\Git\cmd
USERNAME=Андрей1
OS=Windows_NT
PROCESSOR_IDENTIFIER=x86 Family 6 Model 15 Stepping 11, GenuineIntel



---------------  S Y S T E M  ---------------

OS: Windows 7 Build 7601 Service Pack 1

CPU:total 2 (2 cores per cpu, 1 threads per core) family 6 model 15 stepping 11, cmov, cx8, fxsr, mmx, sse, sse2, sse3, ssse3, tsc

Memory: 4k page, physical 2095608k(424284k free), swap 4191216k(2212460k free)

vm_info: Java HotSpot(TM) Client VM (24.80-b11) for windows-x86 JRE (1.7.0_80-b15), built on Apr 10 2015 13:33:35 by "java_re" with unknown MS VC++:1600

time: Thu Dec 12 18:13:12 2019
elapsed time: 109 seconds

